[INFO] 00:45:04:553 MEMORIA/(126347:126347): Iniciando Modulo MEMORIA 

[INFO] 00:47:47:009 MEMORIA/(126536:126536): Iniciando Modulo MEMORIA 

[INFO] 00:48:42:923 MEMORIA/(126659:126659): Iniciando Modulo MEMORIA 

[INFO] 00:48:43:224 MEMORIA/(126659:126659): Servidor: MEMORIA Levantado en IP:127.0.0.1 Puerto:8002
[INFO] 00:48:43:230 MEMORIA/(126659:126659): MEMORIA Escuchando Conexiones 

[INFO] 00:48:49:315 MEMORIA/(126659:126659): ¡Este proceso nunca debió existir! 



[INFO] 00:50:37:680 MEMORIA/(126827:126827): Iniciando Modulo MEMORIA 

[INFO] 00:50:37:955 MEMORIA/(126827:126827): Servidor: MEMORIA Levantado en IP:127.0.0.1 Puerto:8002
[INFO] 00:50:37:966 MEMORIA/(126827:126827): MEMORIA Escuchando Conexiones 

[INFO] 00:50:39:968 MEMORIA/(126827:126827): ¡Este proceso nunca debió existir! 



[INFO] 00:51:58:912 MEMORIA/(127052:127052): Iniciando Modulo MEMORIA 

[INFO] 00:51:59:217 MEMORIA/(127052:127052): Servidor: MEMORIA Levantado en IP:127.0.0.1 Puerto:8002
[INFO] 00:51:59:239 MEMORIA/(127052:127052): MEMORIA Escuchando Conexiones 

[INFO] 00:52:00:074 MEMORIA/(127052:127052): ¡Este proceso nunca debió existir! 



[INFO] 00:59:19:812 MEMORIA/(127683:127683): Iniciando Modulo MEMORIA 

[INFO] 00:59:20:084 MEMORIA/(127683:127683): Servidor: MEMORIA Levantado en IP:127.0.0.1 Puerto:8002
[INFO] 00:59:20:102 MEMORIA/(127683:127683): MEMORIA Escuchando Conexiones 

[INFO] 00:59:22:796 MEMORIA/(127683:127683): ¡Este proceso nunca debió existir! 



[INFO] 01:05:33:556 MEMORIA/(128033:128033): Iniciando Modulo MEMORIA 

[INFO] 01:05:33:836 MEMORIA/(128033:128033): Servidor: MEMORIA Levantado en IP:127.0.0.1 Puerto:8002
[INFO] 01:05:33:842 MEMORIA/(128033:128033): MEMORIA Escuchando Conexiones 

[INFO] 01:05:56:109 MEMORIA/(128033:128033): Cliente conectado (a MEMORIA)
[INFO] 01:05:56:849 MEMORIA/(128033:128256): Se recibió el cod operacion 0 en MEMORIA
[INFO] 01:05:56:862 MEMORIA/(128033:128256): solicitud de Handshake del modulo: CPU
[INFO] 01:05:56:865 MEMORIA/(128033:128256): respondiendo Handshake al modulo: CPU 

[INFO] 01:06:38:944 MEMORIA/(128033:128033): Cliente conectado (a MEMORIA)
[INFO] 01:06:39:055 MEMORIA/(128033:128524): Se recibió el cod operacion 0 en MEMORIA
[INFO] 01:06:39:060 MEMORIA/(128033:128524): solicitud de Handshake del modulo: KERNEL
[INFO] 01:06:39:062 MEMORIA/(128033:128524): respondiendo Handshake al modulo: KERNEL 

[INFO] 01:09:43:401 MEMORIA/(128033:128524): Se recibió el cod operacion 4 en MEMORIA
[INFO] 01:09:43:413 MEMORIA/(128033:128524): solicitud de Nuevo Proceso del KERNEL 

[INFO] 01:09:43:654 MEMORIA/(128033:128524): Se recibió el cod operacion 4 en MEMORIA
[INFO] 01:09:43:656 MEMORIA/(128033:128524): solicitud de Nuevo Proceso del KERNEL 

[INFO] 01:09:43:748 MEMORIA/(128033:128256): Se recibió el cod operacion 12 en MEMORIA
[INFO] 01:09:43:749 MEMORIA/(128033:128256): solicitud de instruccion de CPU
[INFO] 01:09:43:796 MEMORIA/(128033:128256): PID: <0> tiempo de retardo para envio de intruccion 1000 milisegundos
[INFO] 01:09:43:801 MEMORIA/(128033:128524): Se recibió el cod operacion 4 en MEMORIA
[INFO] 01:09:43:804 MEMORIA/(128033:128524): solicitud de Nuevo Proceso del KERNEL 

[INFO] 01:09:43:862 MEMORIA/(128033:128524): Se recibió el cod operacion 4 en MEMORIA
[INFO] 01:09:43:863 MEMORIA/(128033:128524): solicitud de Nuevo Proceso del KERNEL 

[INFO] 01:09:43:929 MEMORIA/(128033:128524): Se recibió el cod operacion 4 en MEMORIA
[INFO] 01:09:43:941 MEMORIA/(128033:128524): solicitud de Nuevo Proceso del KERNEL 

[INFO] 01:09:43:999 MEMORIA/(128033:128524): Se recibió el cod operacion 4 en MEMORIA
[INFO] 01:09:44:007 MEMORIA/(128033:128524): solicitud de Nuevo Proceso del KERNEL 

[INFO] 01:09:44:856 MEMORIA/(128033:128256): PID: <0> enviando instruccion a CPU 

[INFO] 01:09:44:938 MEMORIA/(128033:128256): Se recibió el cod operacion 12 en MEMORIA
[INFO] 01:09:44:939 MEMORIA/(128033:128256): solicitud de instruccion de CPU
[INFO] 01:09:44:940 MEMORIA/(128033:128256): PID: <0> tiempo de retardo para envio de intruccion 1000 milisegundos
[INFO] 01:09:45:942 MEMORIA/(128033:128256): PID: <0> enviando instruccion a CPU 

[INFO] 01:09:45:977 MEMORIA/(128033:128256): Se recibió el cod operacion 12 en MEMORIA
[INFO] 01:09:45:978 MEMORIA/(128033:128256): solicitud de instruccion de CPU
[INFO] 01:09:45:979 MEMORIA/(128033:128256): PID: <0> tiempo de retardo para envio de intruccion 1000 milisegundos
[INFO] 01:09:46:980 MEMORIA/(128033:128256): PID: <0> enviando instruccion a CPU 

[INFO] 01:09:46:995 MEMORIA/(128033:128256): Se recibió el cod operacion 12 en MEMORIA
[INFO] 01:09:46:995 MEMORIA/(128033:128256): solicitud de instruccion de CPU
[INFO] 01:09:46:996 MEMORIA/(128033:128256): PID: <0> tiempo de retardo para envio de intruccion 1000 milisegundos
[INFO] 01:09:47:998 MEMORIA/(128033:128256): PID: <0> enviando instruccion a CPU 

[INFO] 01:09:48:026 MEMORIA/(128033:128256): Se recibió el cod operacion 12 en MEMORIA
[INFO] 01:09:48:027 MEMORIA/(128033:128256): solicitud de instruccion de CPU
[INFO] 01:09:48:027 MEMORIA/(128033:128256): PID: <0> tiempo de retardo para envio de intruccion 1000 milisegundos
[INFO] 01:09:49:028 MEMORIA/(128033:128256): PID: <0> enviando instruccion a CPU 

[INFO] 01:09:49:061 MEMORIA/(128033:128256): Se recibió el cod operacion 12 en MEMORIA
[INFO] 01:09:49:061 MEMORIA/(128033:128256): solicitud de instruccion de CPU
[INFO] 01:09:49:062 MEMORIA/(128033:128256): PID: <0> tiempo de retardo para envio de intruccion 1000 milisegundos
[INFO] 01:09:50:064 MEMORIA/(128033:128256): PID: <0> enviando instruccion a CPU 

[INFO] 01:09:50:183 MEMORIA/(128033:128256): Se recibió el cod operacion 12 en MEMORIA
[INFO] 01:09:50:184 MEMORIA/(128033:128256): solicitud de instruccion de CPU
[INFO] 01:09:50:185 MEMORIA/(128033:128256): PID: <1> tiempo de retardo para envio de intruccion 1000 milisegundos
[INFO] 01:09:51:188 MEMORIA/(128033:128256): PID: <1> enviando instruccion a CPU 

[INFO] 01:09:51:191 MEMORIA/(128033:128256): Se recibió el cod operacion 12 en MEMORIA
[INFO] 01:09:51:192 MEMORIA/(128033:128256): solicitud de instruccion de CPU
[INFO] 01:09:51:192 MEMORIA/(128033:128256): PID: <1> tiempo de retardo para envio de intruccion 1000 milisegundos
[INFO] 01:09:52:193 MEMORIA/(128033:128256): PID: <1> enviando instruccion a CPU 

[INFO] 01:09:52:201 MEMORIA/(128033:128256): Se recibió el cod operacion 12 en MEMORIA
[INFO] 01:09:52:202 MEMORIA/(128033:128256): solicitud de instruccion de CPU
[INFO] 01:09:52:202 MEMORIA/(128033:128256): PID: <1> tiempo de retardo para envio de intruccion 1000 milisegundos
[INFO] 01:09:53:203 MEMORIA/(128033:128256): PID: <1> enviando instruccion a CPU 

[INFO] 01:09:53:215 MEMORIA/(128033:128256): Se recibió el cod operacion 12 en MEMORIA
[INFO] 01:09:53:216 MEMORIA/(128033:128256): solicitud de instruccion de CPU
[INFO] 01:09:53:216 MEMORIA/(128033:128256): PID: <1> tiempo de retardo para envio de intruccion 1000 milisegundos
[INFO] 01:09:54:218 MEMORIA/(128033:128256): PID: <1> enviando instruccion a CPU 

[INFO] 01:09:54:268 MEMORIA/(128033:128256): Se recibió el cod operacion 12 en MEMORIA
[INFO] 01:09:54:269 MEMORIA/(128033:128256): solicitud de instruccion de CPU
[INFO] 01:09:54:270 MEMORIA/(128033:128256): PID: <1> tiempo de retardo para envio de intruccion 1000 milisegundos
[INFO] 01:09:55:271 MEMORIA/(128033:128256): PID: <1> enviando instruccion a CPU 

[INFO] 01:09:55:285 MEMORIA/(128033:128256): Se recibió el cod operacion 12 en MEMORIA
[INFO] 01:09:55:286 MEMORIA/(128033:128256): solicitud de instruccion de CPU
[INFO] 01:09:55:287 MEMORIA/(128033:128256): PID: <1> tiempo de retardo para envio de intruccion 1000 milisegundos
[INFO] 01:09:56:289 MEMORIA/(128033:128256): PID: <1> enviando instruccion a CPU 

[INFO] 01:09:56:348 MEMORIA/(128033:128256): Se recibió el cod operacion 12 en MEMORIA
[INFO] 01:09:56:349 MEMORIA/(128033:128256): solicitud de instruccion de CPU
[INFO] 01:09:56:350 MEMORIA/(128033:128256): PID: <2> tiempo de retardo para envio de intruccion 1000 milisegundos
[INFO] 01:09:57:353 MEMORIA/(128033:128256): PID: <2> enviando instruccion a CPU 

[INFO] 01:09:57:368 MEMORIA/(128033:128256): Se recibió el cod operacion 12 en MEMORIA
[INFO] 01:09:57:450 MEMORIA/(128033:128256): solicitud de instruccion de CPU
[INFO] 01:09:57:452 MEMORIA/(128033:128256): PID: <2> tiempo de retardo para envio de intruccion 1000 milisegundos
[INFO] 01:09:58:455 MEMORIA/(128033:128256): PID: <2> enviando instruccion a CPU 

[INFO] 01:09:58:468 MEMORIA/(128033:128256): Se recibió el cod operacion 12 en MEMORIA
[INFO] 01:09:58:469 MEMORIA/(128033:128256): solicitud de instruccion de CPU
[INFO] 01:09:58:469 MEMORIA/(128033:128256): PID: <2> tiempo de retardo para envio de intruccion 1000 milisegundos
[INFO] 01:09:59:471 MEMORIA/(128033:128256): PID: <2> enviando instruccion a CPU 

[INFO] 01:09:59:492 MEMORIA/(128033:128256): Se recibió el cod operacion 12 en MEMORIA
[INFO] 01:09:59:492 MEMORIA/(128033:128256): solicitud de instruccion de CPU
[INFO] 01:09:59:493 MEMORIA/(128033:128256): PID: <2> tiempo de retardo para envio de intruccion 1000 milisegundos
[INFO] 01:10:00:493 MEMORIA/(128033:128256): PID: <2> enviando instruccion a CPU 

[INFO] 01:10:00:510 MEMORIA/(128033:128256): Se recibió el cod operacion 12 en MEMORIA
[INFO] 01:10:00:510 MEMORIA/(128033:128256): solicitud de instruccion de CPU
[INFO] 01:10:00:511 MEMORIA/(128033:128256): PID: <2> tiempo de retardo para envio de intruccion 1000 milisegundos
[INFO] 01:10:01:512 MEMORIA/(128033:128256): PID: <2> enviando instruccion a CPU 

[INFO] 01:10:01:538 MEMORIA/(128033:128256): Se recibió el cod operacion 12 en MEMORIA
[INFO] 01:10:01:539 MEMORIA/(128033:128256): solicitud de instruccion de CPU
[INFO] 01:10:01:539 MEMORIA/(128033:128256): PID: <2> tiempo de retardo para envio de intruccion 1000 milisegundos
[INFO] 01:10:02:540 MEMORIA/(128033:128256): PID: <2> enviando instruccion a CPU 

[INFO] 01:10:02:604 MEMORIA/(128033:128256): Se recibió el cod operacion 12 en MEMORIA
[INFO] 01:10:02:605 MEMORIA/(128033:128256): solicitud de instruccion de CPU
[INFO] 01:10:02:606 MEMORIA/(128033:128256): PID: <3> tiempo de retardo para envio de intruccion 1000 milisegundos
[INFO] 01:10:03:607 MEMORIA/(128033:128256): PID: <3> enviando instruccion a CPU 

[INFO] 01:10:03:626 MEMORIA/(128033:128256): Se recibió el cod operacion 12 en MEMORIA
[INFO] 01:10:03:626 MEMORIA/(128033:128256): solicitud de instruccion de CPU
[INFO] 01:10:03:627 MEMORIA/(128033:128256): PID: <3> tiempo de retardo para envio de intruccion 1000 milisegundos
[INFO] 01:10:04:628 MEMORIA/(128033:128256): PID: <3> enviando instruccion a CPU 

[INFO] 01:10:04:648 MEMORIA/(128033:128256): Se recibió el cod operacion 12 en MEMORIA
[INFO] 01:10:04:648 MEMORIA/(128033:128256): solicitud de instruccion de CPU
[INFO] 01:10:04:649 MEMORIA/(128033:128256): PID: <3> tiempo de retardo para envio de intruccion 1000 milisegundos
[INFO] 01:10:05:650 MEMORIA/(128033:128256): PID: <3> enviando instruccion a CPU 

[INFO] 01:10:05:664 MEMORIA/(128033:128256): Se recibió el cod operacion 12 en MEMORIA
[INFO] 01:10:05:665 MEMORIA/(128033:128256): solicitud de instruccion de CPU
[INFO] 01:10:05:666 MEMORIA/(128033:128256): PID: <3> tiempo de retardo para envio de intruccion 1000 milisegundos
[INFO] 01:10:06:668 MEMORIA/(128033:128256): PID: <3> enviando instruccion a CPU 

[INFO] 01:10:06:700 MEMORIA/(128033:128256): Se recibió el cod operacion 12 en MEMORIA
[INFO] 01:10:06:701 MEMORIA/(128033:128256): solicitud de instruccion de CPU
[INFO] 01:10:06:702 MEMORIA/(128033:128256): PID: <3> tiempo de retardo para envio de intruccion 1000 milisegundos
[INFO] 01:10:07:703 MEMORIA/(128033:128256): PID: <3> enviando instruccion a CPU 

[INFO] 01:10:07:716 MEMORIA/(128033:128256): Se recibió el cod operacion 12 en MEMORIA
[INFO] 01:10:07:717 MEMORIA/(128033:128256): solicitud de instruccion de CPU
[INFO] 01:10:07:717 MEMORIA/(128033:128256): PID: <3> tiempo de retardo para envio de intruccion 1000 milisegundos
[INFO] 01:10:08:718 MEMORIA/(128033:128256): PID: <3> enviando instruccion a CPU 

[INFO] 01:10:08:776 MEMORIA/(128033:128256): Se recibió el cod operacion 12 en MEMORIA
[INFO] 01:10:08:776 MEMORIA/(128033:128256): solicitud de instruccion de CPU
[INFO] 01:10:08:777 MEMORIA/(128033:128256): PID: <4> tiempo de retardo para envio de intruccion 1000 milisegundos
[INFO] 01:10:09:779 MEMORIA/(128033:128256): PID: <4> enviando instruccion a CPU 

[INFO] 01:10:09:794 MEMORIA/(128033:128256): Se recibió el cod operacion 12 en MEMORIA
[INFO] 01:10:09:795 MEMORIA/(128033:128256): solicitud de instruccion de CPU
[INFO] 01:10:09:796 MEMORIA/(128033:128256): PID: <4> tiempo de retardo para envio de intruccion 1000 milisegundos
[INFO] 01:10:10:797 MEMORIA/(128033:128256): PID: <4> enviando instruccion a CPU 

[INFO] 01:10:10:809 MEMORIA/(128033:128256): Se recibió el cod operacion 12 en MEMORIA
[INFO] 01:10:10:809 MEMORIA/(128033:128256): solicitud de instruccion de CPU
[INFO] 01:10:10:810 MEMORIA/(128033:128256): PID: <4> tiempo de retardo para envio de intruccion 1000 milisegundos
[INFO] 01:10:11:811 MEMORIA/(128033:128256): PID: <4> enviando instruccion a CPU 

[INFO] 01:10:11:843 MEMORIA/(128033:128256): Se recibió el cod operacion 12 en MEMORIA
[INFO] 01:10:11:843 MEMORIA/(128033:128256): solicitud de instruccion de CPU
[INFO] 01:10:11:844 MEMORIA/(128033:128256): PID: <4> tiempo de retardo para envio de intruccion 1000 milisegundos
[INFO] 01:10:12:846 MEMORIA/(128033:128256): PID: <4> enviando instruccion a CPU 

[INFO] 01:10:12:855 MEMORIA/(128033:128256): Se recibió el cod operacion 12 en MEMORIA
[INFO] 01:10:12:856 MEMORIA/(128033:128256): solicitud de instruccion de CPU
[INFO] 01:10:12:856 MEMORIA/(128033:128256): PID: <4> tiempo de retardo para envio de intruccion 1000 milisegundos
[INFO] 01:10:13:858 MEMORIA/(128033:128256): PID: <4> enviando instruccion a CPU 

[INFO] 01:10:13:869 MEMORIA/(128033:128256): Se recibió el cod operacion 12 en MEMORIA
[INFO] 01:10:13:871 MEMORIA/(128033:128256): solicitud de instruccion de CPU
[INFO] 01:10:13:874 MEMORIA/(128033:128256): PID: <4> tiempo de retardo para envio de intruccion 1000 milisegundos
[INFO] 01:10:14:876 MEMORIA/(128033:128256): PID: <4> enviando instruccion a CPU 

[INFO] 01:10:14:943 MEMORIA/(128033:128256): Se recibió el cod operacion 12 en MEMORIA
[INFO] 01:10:14:944 MEMORIA/(128033:128256): solicitud de instruccion de CPU
[INFO] 01:10:14:945 MEMORIA/(128033:128256): PID: <5> tiempo de retardo para envio de intruccion 1000 milisegundos
[INFO] 01:10:15:946 MEMORIA/(128033:128256): PID: <5> enviando instruccion a CPU 

[INFO] 01:10:15:963 MEMORIA/(128033:128256): Se recibió el cod operacion 12 en MEMORIA
[INFO] 01:10:15:964 MEMORIA/(128033:128256): solicitud de instruccion de CPU
[INFO] 01:10:15:964 MEMORIA/(128033:128256): PID: <5> tiempo de retardo para envio de intruccion 1000 milisegundos
[INFO] 01:10:16:965 MEMORIA/(128033:128256): PID: <5> enviando instruccion a CPU 

[INFO] 01:10:16:976 MEMORIA/(128033:128256): Se recibió el cod operacion 12 en MEMORIA
[INFO] 01:10:16:976 MEMORIA/(128033:128256): solicitud de instruccion de CPU
[INFO] 01:10:16:978 MEMORIA/(128033:128256): PID: <5> tiempo de retardo para envio de intruccion 1000 milisegundos
[INFO] 01:10:17:981 MEMORIA/(128033:128256): PID: <5> enviando instruccion a CPU 

[INFO] 01:10:18:002 MEMORIA/(128033:128256): Se recibió el cod operacion 12 en MEMORIA
[INFO] 01:10:18:003 MEMORIA/(128033:128256): solicitud de instruccion de CPU
[INFO] 01:10:18:006 MEMORIA/(128033:128256): PID: <5> tiempo de retardo para envio de intruccion 1000 milisegundos
[INFO] 01:10:19:012 MEMORIA/(128033:128256): PID: <5> enviando instruccion a CPU 

[INFO] 01:10:19:028 MEMORIA/(128033:128256): Se recibió el cod operacion 12 en MEMORIA
[INFO] 01:10:19:029 MEMORIA/(128033:128256): solicitud de instruccion de CPU
[INFO] 01:10:19:029 MEMORIA/(128033:128256): PID: <5> tiempo de retardo para envio de intruccion 1000 milisegundos
[INFO] 01:10:20:031 MEMORIA/(128033:128256): PID: <5> enviando instruccion a CPU 

[INFO] 01:10:20:078 MEMORIA/(128033:128256): Se recibió el cod operacion 12 en MEMORIA
[INFO] 01:10:20:078 MEMORIA/(128033:128256): solicitud de instruccion de CPU
[INFO] 01:10:20:079 MEMORIA/(128033:128256): PID: <5> tiempo de retardo para envio de intruccion 1000 milisegundos
[INFO] 01:10:21:080 MEMORIA/(128033:128256): PID: <5> enviando instruccion a CPU 

[INFO] 01:10:21:141 MEMORIA/(128033:128256): Se recibió el cod operacion 12 en MEMORIA
[INFO] 01:10:21:141 MEMORIA/(128033:128256): solicitud de instruccion de CPU
[INFO] 01:10:21:142 MEMORIA/(128033:128256): PID: <0> tiempo de retardo para envio de intruccion 1000 milisegundos
[INFO] 01:10:22:143 MEMORIA/(128033:128256): PID: <0> enviando instruccion a CPU 

[INFO] 01:10:22:154 MEMORIA/(128033:128256): Se recibió el cod operacion 12 en MEMORIA
[INFO] 01:10:22:155 MEMORIA/(128033:128256): solicitud de instruccion de CPU
[INFO] 01:10:22:158 MEMORIA/(128033:128256): PID: <0> tiempo de retardo para envio de intruccion 1000 milisegundos
[INFO] 01:10:23:162 MEMORIA/(128033:128256): PID: <0> enviando instruccion a CPU 

[INFO] 01:10:23:182 MEMORIA/(128033:128256): Se recibió el cod operacion 12 en MEMORIA
[INFO] 01:10:23:182 MEMORIA/(128033:128256): solicitud de instruccion de CPU
[INFO] 01:10:23:183 MEMORIA/(128033:128256): PID: <0> tiempo de retardo para envio de intruccion 1000 milisegundos
[INFO] 01:10:24:185 MEMORIA/(128033:128256): PID: <0> enviando instruccion a CPU 

[INFO] 01:10:24:201 MEMORIA/(128033:128524): Se recibió el cod operacion 5 en MEMORIA
[INFO] 01:10:24:202 MEMORIA/(128033:128524): solicitud de Finalizacion de proceso de KERNEL
[INFO] 01:10:24:203 MEMORIA/(128033:128524): liberando estructuras administrativas del proceso PID: <0> 

[INFO] 01:10:24:234 MEMORIA/(128033:128256): Se recibió el cod operacion 12 en MEMORIA
[INFO] 01:10:24:236 MEMORIA/(128033:128256): solicitud de instruccion de CPU
[INFO] 01:10:24:238 MEMORIA/(128033:128256): PID: <1> tiempo de retardo para envio de intruccion 1000 milisegundos
[INFO] 01:10:25:241 MEMORIA/(128033:128256): PID: <1> enviando instruccion a CPU 

[INFO] 01:10:25:251 MEMORIA/(128033:128256): Se recibió el cod operacion 12 en MEMORIA
[INFO] 01:10:25:252 MEMORIA/(128033:128256): solicitud de instruccion de CPU
[INFO] 01:10:25:252 MEMORIA/(128033:128256): PID: <1> tiempo de retardo para envio de intruccion 1000 milisegundos
[INFO] 01:10:26:253 MEMORIA/(128033:128256): PID: <1> enviando instruccion a CPU 

[INFO] 01:10:26:268 MEMORIA/(128033:128256): Se recibió el cod operacion 12 en MEMORIA
[INFO] 01:10:26:269 MEMORIA/(128033:128256): solicitud de instruccion de CPU
[INFO] 01:10:26:269 MEMORIA/(128033:128256): PID: <1> tiempo de retardo para envio de intruccion 1000 milisegundos
[INFO] 01:10:27:271 MEMORIA/(128033:128256): PID: <1> enviando instruccion a CPU 

[INFO] 01:10:27:284 MEMORIA/(128033:128256): Se recibió el cod operacion 12 en MEMORIA
[INFO] 01:10:27:285 MEMORIA/(128033:128256): solicitud de instruccion de CPU
[INFO] 01:10:27:285 MEMORIA/(128033:128256): PID: <1> tiempo de retardo para envio de intruccion 1000 milisegundos
[INFO] 01:10:28:286 MEMORIA/(128033:128256): PID: <1> enviando instruccion a CPU 

[INFO] 01:10:28:293 MEMORIA/(128033:128524): Se recibió el cod operacion 5 en MEMORIA
[INFO] 01:10:28:294 MEMORIA/(128033:128524): solicitud de Finalizacion de proceso de KERNEL
[INFO] 01:10:28:294 MEMORIA/(128033:128524): liberando estructuras administrativas del proceso PID: <1> 

[INFO] 01:10:28:313 MEMORIA/(128033:128256): Se recibió el cod operacion 12 en MEMORIA
[INFO] 01:10:28:314 MEMORIA/(128033:128256): solicitud de instruccion de CPU
[INFO] 01:10:28:314 MEMORIA/(128033:128256): PID: <2> tiempo de retardo para envio de intruccion 1000 milisegundos
[INFO] 01:10:29:316 MEMORIA/(128033:128256): PID: <2> enviando instruccion a CPU 

[INFO] 01:10:29:325 MEMORIA/(128033:128256): Se recibió el cod operacion 12 en MEMORIA
[INFO] 01:10:29:327 MEMORIA/(128033:128256): solicitud de instruccion de CPU
[INFO] 01:10:29:329 MEMORIA/(128033:128256): PID: <2> tiempo de retardo para envio de intruccion 1000 milisegundos
[INFO] 01:10:30:333 MEMORIA/(128033:128256): PID: <2> enviando instruccion a CPU 

[INFO] 01:10:30:365 MEMORIA/(128033:128256): Se recibió el cod operacion 12 en MEMORIA
[INFO] 01:10:30:366 MEMORIA/(128033:128256): solicitud de instruccion de CPU
[INFO] 01:10:30:366 MEMORIA/(128033:128256): PID: <2> tiempo de retardo para envio de intruccion 1000 milisegundos
[INFO] 01:10:31:367 MEMORIA/(128033:128256): PID: <2> enviando instruccion a CPU 

[INFO] 01:10:31:377 MEMORIA/(128033:128524): Se recibió el cod operacion 5 en MEMORIA
[INFO] 01:10:31:377 MEMORIA/(128033:128524): solicitud de Finalizacion de proceso de KERNEL
[INFO] 01:10:31:378 MEMORIA/(128033:128524): liberando estructuras administrativas del proceso PID: <2> 

[INFO] 01:10:31:415 MEMORIA/(128033:128256): Se recibió el cod operacion 12 en MEMORIA
[INFO] 01:10:31:416 MEMORIA/(128033:128256): solicitud de instruccion de CPU
[INFO] 01:10:31:417 MEMORIA/(128033:128256): PID: <3> tiempo de retardo para envio de intruccion 1000 milisegundos
[INFO] 01:10:32:418 MEMORIA/(128033:128256): PID: <3> enviando instruccion a CPU 

[INFO] 01:10:32:430 MEMORIA/(128033:128256): Se recibió el cod operacion 12 en MEMORIA
[INFO] 01:10:32:430 MEMORIA/(128033:128256): solicitud de instruccion de CPU
[INFO] 01:10:32:431 MEMORIA/(128033:128256): PID: <3> tiempo de retardo para envio de intruccion 1000 milisegundos
[INFO] 01:10:33:433 MEMORIA/(128033:128256): PID: <3> enviando instruccion a CPU 

[INFO] 01:10:33:463 MEMORIA/(128033:128256): Se recibió el cod operacion 12 en MEMORIA
[INFO] 01:10:33:463 MEMORIA/(128033:128256): solicitud de instruccion de CPU
[INFO] 01:10:33:464 MEMORIA/(128033:128256): PID: <3> tiempo de retardo para envio de intruccion 1000 milisegundos
[INFO] 01:10:34:465 MEMORIA/(128033:128256): PID: <3> enviando instruccion a CPU 

[INFO] 01:10:34:479 MEMORIA/(128033:128256): Se recibió el cod operacion 12 en MEMORIA
[INFO] 01:10:34:479 MEMORIA/(128033:128256): solicitud de instruccion de CPU
[INFO] 01:10:34:480 MEMORIA/(128033:128256): PID: <3> tiempo de retardo para envio de intruccion 1000 milisegundos
[INFO] 01:10:35:481 MEMORIA/(128033:128256): PID: <3> enviando instruccion a CPU 

[INFO] 01:10:35:492 MEMORIA/(128033:128524): Se recibió el cod operacion 5 en MEMORIA
[INFO] 01:10:35:493 MEMORIA/(128033:128524): solicitud de Finalizacion de proceso de KERNEL
[INFO] 01:10:35:494 MEMORIA/(128033:128524): liberando estructuras administrativas del proceso PID: <3> 

[INFO] 01:10:35:518 MEMORIA/(128033:128256): Se recibió el cod operacion 12 en MEMORIA
[INFO] 01:10:35:518 MEMORIA/(128033:128256): solicitud de instruccion de CPU
[INFO] 01:10:35:519 MEMORIA/(128033:128256): PID: <4> tiempo de retardo para envio de intruccion 1000 milisegundos
[INFO] 01:10:36:520 MEMORIA/(128033:128256): PID: <4> enviando instruccion a CPU 

[INFO] 01:10:36:526 MEMORIA/(128033:128256): Se recibió el cod operacion 12 en MEMORIA
[INFO] 01:10:36:527 MEMORIA/(128033:128256): solicitud de instruccion de CPU
[INFO] 01:10:36:527 MEMORIA/(128033:128256): PID: <4> tiempo de retardo para envio de intruccion 1000 milisegundos
[INFO] 01:10:37:528 MEMORIA/(128033:128256): PID: <4> enviando instruccion a CPU 

[INFO] 01:10:37:550 MEMORIA/(128033:128256): Se recibió el cod operacion 12 en MEMORIA
[INFO] 01:10:37:551 MEMORIA/(128033:128256): solicitud de instruccion de CPU
[INFO] 01:10:37:552 MEMORIA/(128033:128256): PID: <4> tiempo de retardo para envio de intruccion 1000 milisegundos
[INFO] 01:10:38:554 MEMORIA/(128033:128256): PID: <4> enviando instruccion a CPU 

[INFO] 01:10:38:564 MEMORIA/(128033:128524): Se recibió el cod operacion 5 en MEMORIA
[INFO] 01:10:38:564 MEMORIA/(128033:128524): solicitud de Finalizacion de proceso de KERNEL
[INFO] 01:10:38:565 MEMORIA/(128033:128524): liberando estructuras administrativas del proceso PID: <4> 

[INFO] 01:10:38:597 MEMORIA/(128033:128256): Se recibió el cod operacion 12 en MEMORIA
[INFO] 01:10:38:598 MEMORIA/(128033:128256): solicitud de instruccion de CPU
[INFO] 01:10:38:599 MEMORIA/(128033:128256): PID: <5> tiempo de retardo para envio de intruccion 1000 milisegundos
[INFO] 01:10:39:600 MEMORIA/(128033:128256): PID: <5> enviando instruccion a CPU 

[INFO] 01:10:39:610 MEMORIA/(128033:128256): Se recibió el cod operacion 12 en MEMORIA
[INFO] 01:10:39:611 MEMORIA/(128033:128256): solicitud de instruccion de CPU
[INFO] 01:10:39:611 MEMORIA/(128033:128256): PID: <5> tiempo de retardo para envio de intruccion 1000 milisegundos
[INFO] 01:10:40:612 MEMORIA/(128033:128256): PID: <5> enviando instruccion a CPU 

[INFO] 01:10:40:625 MEMORIA/(128033:128256): Se recibió el cod operacion 12 en MEMORIA
[INFO] 01:10:40:626 MEMORIA/(128033:128256): solicitud de instruccion de CPU
[INFO] 01:10:40:626 MEMORIA/(128033:128256): PID: <5> tiempo de retardo para envio de intruccion 1000 milisegundos
[INFO] 01:10:41:628 MEMORIA/(128033:128256): PID: <5> enviando instruccion a CPU 

[INFO] 01:10:41:642 MEMORIA/(128033:128256): Se recibió el cod operacion 12 en MEMORIA
[INFO] 01:10:41:642 MEMORIA/(128033:128256): solicitud de instruccion de CPU
[INFO] 01:10:41:643 MEMORIA/(128033:128256): PID: <5> tiempo de retardo para envio de intruccion 1000 milisegundos
[INFO] 01:10:42:646 MEMORIA/(128033:128256): PID: <5> enviando instruccion a CPU 

[INFO] 01:10:42:649 MEMORIA/(128033:128524): Se recibió el cod operacion 5 en MEMORIA
[INFO] 01:10:42:650 MEMORIA/(128033:128524): solicitud de Finalizacion de proceso de KERNEL
[INFO] 01:10:42:650 MEMORIA/(128033:128524): liberando estructuras administrativas del proceso PID: <5> 

[INFO] 00:10:08:488 MEMORIA/(128033:128524): Se recibió el cod operacion -1 en MEMORIA
[ERROR] 00:10:08:545 MEMORIA/(128033:128524): Cliente desconectado de MEMORIA
[INFO] 00:10:22:848 MEMORIA/(128033:128033): ¡Este proceso nunca debió existir! 



[INFO] 22:44:01:143 MEMORIA/(170113:170113): Iniciando Modulo MEMORIA 

[INFO] 22:44:01:390 MEMORIA/(170113:170113): Servidor: MEMORIA Levantado en IP:127.0.0.1 Puerto:8002
[INFO] 22:44:01:450 MEMORIA/(170113:170113): MEMORIA Escuchando Conexiones 

[INFO] 22:46:38:778 MEMORIA/(170242:170242): Iniciando Modulo MEMORIA 

[INFO] 22:46:39:100 MEMORIA/(170242:170242): Servidor: MEMORIA Levantado en IP:127.0.0.1 Puerto:8002
[INFO] 22:46:39:115 MEMORIA/(170242:170242): MEMORIA Escuchando Conexiones 

[INFO] 22:46:59:747 MEMORIA/(170350:170350): Iniciando Modulo MEMORIA 

[INFO] 22:46:59:959 MEMORIA/(170350:170350): Servidor: MEMORIA Levantado en IP:127.0.0.1 Puerto:8002
[INFO] 22:46:59:968 MEMORIA/(170350:170350): MEMORIA Escuchando Conexiones 

[INFO] 22:49:16:986 MEMORIA/(170588:170588): Iniciando Modulo MEMORIA 

[INFO] 22:49:17:185 MEMORIA/(170588:170588): Servidor: MEMORIA Levantado en IP:127.0.0.1 Puerto:8002
[INFO] 22:49:17:197 MEMORIA/(170588:170588): MEMORIA Escuchando Conexiones 

[INFO] 22:49:17:201 MEMORIA/(170588:170588): asigno marcos al proceso: 

[INFO] 22:49:17:212 MEMORIA/(170588:170588): asignada
